#
# There is insufficient memory for the Java Runtime Environment to continue.
# Native memory allocation (malloc) failed to allocate 441136 bytes for Chunk::new
# Possible reasons:
#   The system is out of physical RAM or swap space
#   In 32 bit mode, the process size limit was hit
# Possible solutions:
#   Reduce memory load on the system
#   Increase physical memory or swap space
#   Check if swap backing store is full
#   Use 64 bit Java on a 64 bit OS
#   Decrease Java heap size (-Xmx/-Xms)
#   Decrease number of Java threads
#   Decrease Java thread stack sizes (-Xss)
#   Set larger code cache with -XX:ReservedCodeCacheSize=
# This output file may be truncated or incomplete.
#
#  Out of Memory Error (allocation.cpp:323), pid=7776, tid=7164
#
# JRE version: Java(TM) SE Runtime Environment (7.0_51-b13) (build 1.7.0_51-b13)
# Java VM: Java HotSpot(TM) 64-Bit Server VM (24.51-b03 mixed mode windows-amd64 compressed oops)
# Failed to write core dump. Minidumps are not enabled by default on client versions of Windows
#

---------------  T H R E A D  ---------------

Current thread (0x00000000085ee000):  JavaThread "C2 CompilerThread1" daemon [_thread_in_native, id=7164, stack(0x000000000a010000,0x000000000a110000)]

Stack: [0x000000000a010000,0x000000000a110000]

Current CompileTask:
C2:   9421  145             com.android.dx.ssa.SsaConverter::placePhiFunctions (394 bytes)


---------------  P R O C E S S  ---------------

Java Threads: ( => current thread )
  0x000000000a4ec000 JavaThread "pool-2-thread-4" [_thread_blocked, id=1836, stack(0x000000000af90000,0x000000000b090000)]
  0x000000000a4f1000 JavaThread "pool-2-thread-3" [_thread_in_Java, id=2896, stack(0x000000000b0a0000,0x000000000b1a0000)]
  0x000000000a4e2800 JavaThread "pool-2-thread-2" [_thread_blocked, id=7044, stack(0x000000000ae30000,0x000000000af30000)]
  0x000000000a594800 JavaThread "pool-3-thread-1" [_thread_blocked, id=4532, stack(0x000000000ac00000,0x000000000ad00000)]
  0x000000000a506800 JavaThread "pool-2-thread-1" [_thread_blocked, id=7876, stack(0x000000000a9d0000,0x000000000aad0000)]
  0x00000000085ef000 JavaThread "Service Thread" daemon [_thread_blocked, id=7396, stack(0x0000000009e70000,0x0000000009f70000)]
=>0x00000000085ee000 JavaThread "C2 CompilerThread1" daemon [_thread_in_native, id=7164, stack(0x000000000a010000,0x000000000a110000)]
  0x00000000085e0000 JavaThread "C2 CompilerThread0" daemon [_thread_in_native, id=8120, stack(0x0000000009d30000,0x0000000009e30000)]
  0x00000000085de800 JavaThread "Attach Listener" daemon [_thread_blocked, id=7456, stack(0x0000000009be0000,0x0000000009ce0000)]
  0x00000000085d7800 JavaThread "Signal Dispatcher" daemon [_thread_blocked, id=6116, stack(0x0000000009ad0000,0x0000000009bd0000)]
  0x0000000008581800 JavaThread "Finalizer" daemon [_thread_blocked, id=6656, stack(0x00000000098e0000,0x00000000099e0000)]
  0x000000000857e000 JavaThread "Reference Handler" daemon [_thread_blocked, id=7932, stack(0x0000000009710000,0x0000000009810000)]
  0x00000000003de800 JavaThread "main" [_thread_in_native, id=7816, stack(0x00000000023e0000,0x00000000024e0000)]

Other Threads:
  0x0000000008578800 VMThread [stack: 0x0000000009580000,0x0000000009680000] [id=9192]
  0x00000000085f8800 WatcherThread [stack: 0x000000000a1e0000,0x000000000a2e0000] [id=2200]

VM state:not at safepoint (normal execution)

VM Mutex/Monitor currently owned by a thread: None

Heap
 PSYoungGen      total 18944K, used 14504K [0x00000000eaa80000, 0x00000000ecf80000, 0x0000000100000000)
  eden space 16384K, 73% used [0x00000000eaa80000,0x00000000eb631050,0x00000000eba80000)
  from space 2560K, 98% used [0x00000000eba80000,0x00000000ebcf92d0,0x00000000ebd00000)
  to   space 2560K, 0% used [0x00000000ecd00000,0x00000000ecd00000,0x00000000ecf80000)
 ParOldGen       total 42496K, used 1219K [0x00000000c0000000, 0x00000000c2980000, 0x00000000eaa80000)
  object space 42496K, 2% used [0x00000000c0000000,0x00000000c0130d50,0x00000000c2980000)
 PSPermGen       total 21504K, used 5726K [0x00000000bae00000, 0x00000000bc300000, 0x00000000c0000000)
  object space 21504K, 26% used [0x00000000bae00000,0x00000000bb397bd0,0x00000000bc300000)

Card table byte_map: [0x00000000054e0000,0x0000000005710000] byte_map_base: 0x0000000004f09000

Polling page: 0x0000000000230000

Code Cache  [0x00000000024e0000, 0x0000000002750000, 0x00000000054e0000)
 total_blobs=405 nmethods=168 adapters=189 free_code_cache=48466Kb largest_free_block=49595712

Compilation events (10 events):
Event: 7.158 Thread 0x00000000085e0000 nmethod 164 0x00000000025842d0 code [0x0000000002584420, 0x00000000025844d8]
Event: 7.158 Thread 0x00000000085e0000  165             com.android.dx.ssa.DeadCodeRemover::access$000 (5 bytes)
Event: 7.161 Thread 0x00000000085e0000 nmethod 165 0x000000000258af50 code [0x000000000258b0a0, 0x000000000258b238]
Event: 7.161 Thread 0x00000000085e0000  166             com.android.dx.rop.code.BasicBlockList$RegCountVisitor::visit (52 bytes)
Event: 7.167 Thread 0x00000000085e0000 nmethod 166 0x000000000258a6d0 code [0x000000000258a840, 0x000000000258aad8]
Event: 7.167 Thread 0x00000000085e0000  167             com.android.dx.rop.code.RegisterSpecList::<init> (6 bytes)
Event: 7.168 Thread 0x00000000085e0000 nmethod 167 0x0000000002583f50 code [0x00000000025840a0, 0x00000000025841d8]
Event: 7.168 Thread 0x00000000085e0000  168             com.android.dx.ssa.DeadCodeRemover$NoSideEffectVisitor::visitNonMoveInsn (28 bytes)
Event: 7.173 Thread 0x00000000085e0000 nmethod 168 0x0000000002589d10 code [0x0000000002589e80, 0x000000000258a168]
Event: 7.173 Thread 0x00000000085e0000  169             com.android.dx.ssa.SsaMethod::forEachBlockDepthFirst (194 bytes)

GC Heap History (2 events):
Event: 6.666 GC heap before
{Heap before GC invocations=1 (full 0):
 PSYoungGen      total 18944K, used 16384K [0x00000000eaa80000, 0x00000000ebf80000, 0x0000000100000000)
  eden space 16384K, 100% used [0x00000000eaa80000,0x00000000eba80000,0x00000000eba80000)
  from space 2560K, 0% used [0x00000000ebd00000,0x00000000ebd00000,0x00000000ebf80000)
  to   space 2560K, 0% used [0x00000000eba80000,0x00000000eba80000,0x00000000ebd00000)
 ParOldGen       total 42496K, used 0K [0x00000000c0000000, 0x00000000c2980000, 0x00000000eaa80000)
  object space 42496K, 0% used [0x00000000c0000000,0x00000000c0000000,0x00000000c2980000)
 PSPermGen       total 21504K, used 5571K [0x00000000bae00000, 0x00000000bc300000, 0x00000000c0000000)
  object space 21504K, 25% used [0x00000000bae00000,0x00000000bb370cb8,0x00000000bc300000)
Event: 6.787 GC heap after
Heap after GC invocations=1 (full 0):
 PSYoungGen      total 18944K, used 2532K [0x00000000eaa80000, 0x00000000ecf80000, 0x0000000100000000)
  eden space 16384K, 0% used [0x00000000eaa80000,0x00000000eaa80000,0x00000000eba80000)
  from space 2560K, 98% used [0x00000000eba80000,0x00000000ebcf92d0,0x00000000ebd00000)
  to   space 2560K, 0% used [0x00000000ecd00000,0x00000000ecd00000,0x00000000ecf80000)
 ParOldGen       total 42496K, used 1219K [0x00000000c0000000, 0x00000000c2980000, 0x00000000eaa80000)
  object space 42496K, 2% used [0x00000000c0000000,0x00000000c0130d50,0x00000000c2980000)
 PSPermGen       total 21504K, used 5571K [0x00000000bae00000, 0x00000000bc300000, 0x00000000c0000000)
  object space 21504K, 25% used [0x00000000bae00000,0x00000000bb370cb8,0x00000000bc300000)
}

Deoptimization events (1 events):
Event: 6.808 Thread 0x000000000a4e2800 Uncommon trap: reason=null_check action=make_not_entrant pc=0x000000000256276c method=com.android.dx.rop.code.LocalItem.equals(Ljava/lang/Object;)Z @ 1

Internal exceptions (10 events):
Event: 6.223 Thread 0x000000000a4f1000 Threw 0x00000000eb788238 at C:\re\jdk7u51\527\hotspot\src\share\vm\prims\jvm.cpp:1244
Event: 6.224 Thread 0x000000000a4f1000 Threw 0x00000000eb78dbc0 at C:\re\jdk7u51\527\hotspot\src\share\vm\prims\jvm.cpp:1244
Event: 6.224 Thread 0x000000000a4f1000 Threw 0x00000000eb7932c0 at C:\re\jdk7u51\527\hotspot\src\share\vm\prims\jvm.cpp:1244
Event: 6.485 Thread 0x000000000a4f1000 Threw 0x00000000eb7de0a8 at C:\re\jdk7u51\527\hotspot\src\share\vm\prims\jvm.cpp:1244
Event: 6.505 Thread 0x000000000a506800 Threw 0x00000000eb815770 at C:\re\jdk7u51\527\hotspot\src\share\vm\prims\jvm.cpp:1244
Event: 6.511 Thread 0x000000000a506800 Threw 0x00000000eb822d38 at C:\re\jdk7u51\527\hotspot\src\share\vm\prims\jvm.cpp:1244
Event: 6.808 Thread 0x000000000a4e2800 Implicit null exception at 0x0000000002562428 to 0x0000000002562759
Event: 6.890 Thread 0x00000000003de800 Threw 0x00000000eacd8e68 at C:\re\jdk7u51\527\hotspot\src\share\vm\prims\jvm.cpp:1244
Event: 6.964 Thread 0x000000000a4ec000 Threw 0x00000000eae53178 at C:\re\jdk7u51\527\hotspot\src\share\vm\prims\jvm.cpp:1244
Event: 7.526 Thread 0x00000000003de800 Threw 0x00000000eb25adc8 at C:\re\jdk7u51\527\hotspot\src\share\vm\prims\jvm.cpp:1244

Events (10 events):
Event: 6.802 Executing VM operation: RevokeBias done
Event: 6.808 Thread 0x000000000a4e2800 Uncommon trap: trap_request=0xfffffff4 fr.pc=0x000000000256276c
Event: 6.808 Thread 0x000000000a4e2800 DEOPT PACKING pc=0x000000000256276c sp=0x000000000af2eae0
Event: 6.808 Thread 0x000000000a4e2800 DEOPT UNPACKING pc=0x00000000025175a4 sp=0x000000000af2ea20 mode 2
Event: 6.890 loading class 0x000000000a4ee0f0
Event: 6.890 loading class 0x000000000a4ee0f0 done
Event: 6.964 loading class 0x000000000a50ac10
Event: 6.964 loading class 0x000000000a50ac10 done
Event: 7.526 loading class 0x000000000a3006a0
Event: 7.526 loading class 0x000000000a3006a0 done


Dynamic libraries:
0x000000013f9b0000 - 0x000000013f9e3000 	C:\Program Files\Java\jdk1.7.0_51\bin\java.exe
0x0000000077be0000 - 0x0000000077d8a000 	C:\Windows\SYSTEM32\ntdll.dll
0x00000000779c0000 - 0x0000000077adf000 	C:\Windows\system32\kernel32.dll
0x000007fefdbb0000 - 0x000007fefdc1a000 	C:\Windows\system32\KERNELBASE.dll
0x000007feff6f0000 - 0x000007feff7cb000 	C:\Windows\system32\ADVAPI32.dll
0x000007feff650000 - 0x000007feff6ef000 	C:\Windows\system32\msvcrt.dll
0x000007feffd70000 - 0x000007feffd8f000 	C:\Windows\SYSTEM32\sechost.dll
0x000007feffdc0000 - 0x000007feffeed000 	C:\Windows\system32\RPCRT4.dll
0x0000000077ae0000 - 0x0000000077bda000 	C:\Windows\system32\USER32.dll
0x000007feffd00000 - 0x000007feffd67000 	C:\Windows\system32\GDI32.dll
0x000007fefe590000 - 0x000007fefe59e000 	C:\Windows\system32\LPK.dll
0x000007feff580000 - 0x000007feff64a000 	C:\Windows\system32\USP10.dll
0x000007fefbf20000 - 0x000007fefc114000 	C:\Windows\WinSxS\amd64_microsoft.windows.common-controls_6595b64144ccf1df_6.0.7601.18837_none_fa3b1e3d17594757\COMCTL32.dll
0x000007fefe090000 - 0x000007fefe101000 	C:\Windows\system32\SHLWAPI.dll
0x000007feffd90000 - 0x000007feffdbe000 	C:\Windows\system32\IMM32.DLL
0x000007fefe6e0000 - 0x000007fefe7e9000 	C:\Windows\system32\MSCTF.dll
0x00000000681e0000 - 0x00000000682b2000 	C:\Program Files\Java\jdk1.7.0_51\jre\bin\msvcr100.dll
0x0000000072b30000 - 0x00000000732f9000 	C:\Program Files\Java\jdk1.7.0_51\jre\bin\server\jvm.dll
0x000007fef5770000 - 0x000007fef5779000 	C:\Windows\system32\WSOCK32.dll
0x000007feffcb0000 - 0x000007feffcfd000 	C:\Windows\system32\WS2_32.dll
0x000007feffac0000 - 0x000007feffac8000 	C:\Windows\system32\NSI.dll
0x000007fefbb90000 - 0x000007fefbbcb000 	C:\Windows\system32\WINMM.dll
0x0000000077da0000 - 0x0000000077da7000 	C:\Windows\system32\PSAPI.DLL
0x00000000749a0000 - 0x00000000749af000 	C:\Program Files\Java\jdk1.7.0_51\jre\bin\verify.dll
0x0000000072b00000 - 0x0000000072b28000 	C:\Program Files\Java\jdk1.7.0_51\jre\bin\java.dll
0x0000000072ae0000 - 0x0000000072af5000 	C:\Program Files\Java\jdk1.7.0_51\jre\bin\zip.dll
0x0000000072ac0000 - 0x0000000072ad9000 	C:\Program Files\Java\jdk1.7.0_51\jre\bin\net.dll
0x000007fefd1d0000 - 0x000007fefd225000 	C:\Windows\system32\mswsock.dll
0x000007fefd2e0000 - 0x000007fefd2e7000 	C:\Windows\System32\wship6.dll
0x0000000072aa0000 - 0x0000000072ab1000 	C:\Program Files\Java\jdk1.7.0_51\jre\bin\nio.dll

VM Arguments:
jvm_args: -Djava.awt.headless=true -Xmx1024M -Dfile.encoding=windows-1252 -Duser.country=IN -Duser.language=en -Duser.variant 
java_command: com.android.dx.command.Main --dex --force-jumbo --num-threads=4 --multi-dex --output C:\Users\Bhagya\AndroidStudioProjects\Vijay\vijay\build\intermediates\transforms\dex\debug\folders\1000\10\com.android.support-design-23.3.0_ac4050dbf35320238c1561bb4b19cc22d2713915 C:\Users\Bhagya\AndroidStudioProjects\Vijay\vijay\build\intermediates\exploded-aar\com.android.support\design\23.3.0\jars\classes.jar
Launcher Type: SUN_STANDARD

Environment Variables:
JAVA_HOME=C:\Program Files\Java\jdk1.7.0_51
PATH=C:\ProgramData\Oracle\Java\javapath;C:\oraclexe\app\oracle\product\10.2.0\server\bin;C:\Program Files (x86)\Java\jre7\bin;C:\Program Files (x86)\Java\jdk1.6.0_20\bin;C:\Program Files (x86)\JavaFX\javafx-sdk1.3\emulator\bin;C:\Windows\system32;C:\Windows;C:\Windows\System32\Wbem;C:\Windows\System32\WindowsPowerShell\v1.0\;C:\Program Files (x86)\Common Files\Roxio Shared\OEM\DLLShared\;C:\Program Files (x86)\Common Files\Roxio Shared\OEM\DLLShared\;C:\Program Files (x86)\Common Files\Roxio Shared\OEM\12.0\DLLShared\;C:\Program Files (x86)\Roxio\OEM\AudioCore\;C:\Program Files\Intel\WiFi\bin\;C:\Program Files\Common Files\Intel\WirelessCommon\;C:\Program Files (x86)\Common Files\lenovo\easyplussdk\bin;C:\Program Files\Java\jdk1.7.0_80\bin;C:\Program Files\Java\jdk1.7.0_51\jre\bin;C:\adb;C:\Program Files (x86)\Skype\Phone\;C:\Android;C:\Program Files\nodejs\;C:\Program Files\nodejs;C:\Users\Bhagya\Downloads\apache-ant-1.9.7\bin;C:\Users\Bhagya\Downloads\eclipse-SDK-3.7.2-win32\sdk\tools;C:\Users\Bhagya\Downloads\eclipse-SDK-3.7.2-win32\sdk\build-tools;C:\Users\Bhagya\Downloads\eclipse-SDK-3.7.2-win32\sdk\platform-tools;C:\Program Files (x86)\Java\jdk1.6.0_20\bin;C:\Program Files\Java\jdk1.7.0_51\jre\bin;C:\Program Files\Java\jdk1.7.0_80\bin;C:\Users\Bhagya\AppData\Roaming\npm
USERNAME=Bhagya
OS=Windows_NT
PROCESSOR_IDENTIFIER=Intel64 Family 6 Model 42 Stepping 7, GenuineIntel



---------------  S Y S T E M  ---------------

OS: Windows 7 , 64 bit Build 7601 Service Pack 1

CPU:total 4 (2 cores per cpu, 2 threads per core) family 6 model 42 stepping 7, cmov, cx8, fxsr, mmx, sse, sse2, sse3, ssse3, sse4.1, sse4.2, popcnt, avx, aes, ht, tsc, tscinvbit

Memory: 4k page, physical 4099248k(152924k free), swap 8736616k(14932k free)

vm_info: Java HotSpot(TM) 64-Bit Server VM (24.51-b03) for windows-amd64 JRE (1.7.0_51-b13), built on Dec 18 2013 18:40:56 by "java_re" with unknown MS VC++:1600

time: Tue Sep 06 22:08:15 2016
elapsed time: 9 seconds

